2025-11-29 17:17:07,564 [INFO] Activator:176 - 


2025-11-29 17:17:07,565 [INFO] Activator:177 - !SESSION log4j initialized
2025-11-29 17:17:09,218 [INFO] LogOutputStream:77 - [STDOUT_REDIRECT] 
2025-11-29 17:17:15,117 [INFO] ApplicationProperties:184 - Using Application install path: C:\ST\STM32CubeIDE_1.19.0\STM32CubeIDE\plugins\com.st.stm32cube.common.mx_6.15.0.202507011659
2025-11-29 17:17:15,126 [INFO] DbMcusXml:78 - Set database path to: C:\ST\STM32CubeIDE_1.19.0\STM32CubeIDE\plugins\com.st.stm32cube.common.mx_6.15.0.202507011659\\db\/mcu/
2025-11-29 17:17:15,126 [INFO] ApiDb:274 - Set plugin database path to: C:\ST\STM32CubeIDE_1.19.0\STM32CubeIDE\plugins\com.st.stm32cube.common.mx_6.15.0.202507011659\\db\/plugins/boardmanager/
2025-11-29 17:17:15,126 [WARN] ApiDb:259 - Overriding images path with different value:  => C:\ST\STM32CubeIDE_1.19.0\STM32CubeIDE\plugins\com.st.stm32cube.common.mx_6.15.0.202507011659\\db\/plugins/mcufinder/images/
2025-11-29 17:17:15,128 [INFO] ApiDb:250 - Set database path to: C:\Users\emecc\.stmcufinder\plugins\mcufinder//mcu/
2025-11-29 17:17:15,129 [INFO] DbMcusAds:125 - Set database path to: C:\Users\emecc\.stmcufinder\plugins\mcufinder//mcu/
2025-11-29 17:17:15,129 [INFO] CrossReferenceDbSqlite:203 - Set database path to: C:\Users\emecc\.stmcufinder\plugins\mcufinder//mcu/cs/
2025-11-29 17:17:15,187 [INFO] RulesReader:64 - Compatibility file has been processed (317 Rules)
2025-11-29 17:17:15,225 [INFO] DbMcusXml:78 - Set database path to: C:\ST\STM32CubeIDE_1.19.0\STM32CubeIDE\plugins\com.st.stm32cube.common.mx_6.15.0.202507011659\\db\/mcu/
2025-11-29 17:17:15,225 [INFO] ApiDb:274 - Set plugin database path to: C:\ST\STM32CubeIDE_1.19.0\STM32CubeIDE\plugins\com.st.stm32cube.common.mx_6.15.0.202507011659\\db\/plugins/boardmanager/
2025-11-29 17:17:15,226 [INFO] ApiDb:261 - Set plugin images path to: C:\ST\STM32CubeIDE_1.19.0\STM32CubeIDE\plugins\com.st.stm32cube.common.mx_6.15.0.202507011659\\db\/plugins/mcufinder/images/
2025-11-29 17:17:15,226 [WARN] DbFile:41 - Overriding database path with different value: C:\Users\emecc\.stmcufinder\plugins\mcufinder/ => C:\Users\emecc\.stmcufinder\plugins\mcufinder
2025-11-29 17:17:15,226 [INFO] ApiDb:250 - Set database path to: C:\Users\emecc\.stmcufinder\plugins\mcufinder//mcu/
2025-11-29 17:17:15,226 [WARN] DbFile:41 - Overriding database path with different value: C:\Users\emecc\.stmcufinder\plugins\mcufinder/ => C:\Users\emecc\.stmcufinder\plugins\mcufinder
2025-11-29 17:17:15,226 [INFO] DbMcusAds:125 - Set database path to: C:\Users\emecc\.stmcufinder\plugins\mcufinder//mcu/
2025-11-29 17:17:15,226 [WARN] DbFile:41 - Overriding database path with different value: C:\Users\emecc\.stmcufinder\plugins\mcufinder/ => C:\Users\emecc\.stmcufinder\plugins\mcufinder
2025-11-29 17:17:15,226 [WARN] DbFile:41 - Overriding database path with different value: C:\Users\emecc\.stmcufinder\plugins\mcufinder/ => C:\Users\emecc\.stmcufinder\plugins\mcufinder
2025-11-29 17:17:15,226 [INFO] CrossReferenceDbSqlite:203 - Set database path to: C:\Users\emecc\.stmcufinder\plugins\mcufinder//mcu/cs/
2025-11-29 17:17:15,266 [INFO] MainPanel:274 - HeapMemory: 268435456
2025-11-29 17:17:15,306 [INFO] DbMcusXml:78 - Set database path to: C:\ST\STM32CubeIDE_1.19.0\STM32CubeIDE\plugins\com.st.stm32cube.common.mx_6.15.0.202507011659\\db\/mcu/
2025-11-29 17:17:15,307 [INFO] ApiDb:274 - Set plugin database path to: C:\ST\STM32CubeIDE_1.19.0\STM32CubeIDE\plugins\com.st.stm32cube.common.mx_6.15.0.202507011659\\db\/plugins/boardmanager/
2025-11-29 17:17:15,307 [INFO] ApiDb:261 - Set plugin images path to: C:\ST\STM32CubeIDE_1.19.0\STM32CubeIDE\plugins\com.st.stm32cube.common.mx_6.15.0.202507011659\\db\/plugins/mcufinder/images/
2025-11-29 17:17:15,307 [WARN] DbFile:41 - Overriding database path with different value: C:\Users\emecc\.stmcufinder\plugins\mcufinder/ => C:\Users\emecc\.stmcufinder\plugins\mcufinder
2025-11-29 17:17:15,307 [INFO] ApiDb:250 - Set database path to: C:\Users\emecc\.stmcufinder\plugins\mcufinder//mcu/
2025-11-29 17:17:15,307 [WARN] DbFile:41 - Overriding database path with different value: C:\Users\emecc\.stmcufinder\plugins\mcufinder/ => C:\Users\emecc\.stmcufinder\plugins\mcufinder
2025-11-29 17:17:15,307 [INFO] DbMcusAds:125 - Set database path to: C:\Users\emecc\.stmcufinder\plugins\mcufinder//mcu/
2025-11-29 17:17:15,307 [WARN] DbFile:41 - Overriding database path with different value: C:\Users\emecc\.stmcufinder\plugins\mcufinder/ => C:\Users\emecc\.stmcufinder\plugins\mcufinder
2025-11-29 17:17:15,307 [WARN] DbFile:41 - Overriding database path with different value: C:\Users\emecc\.stmcufinder\plugins\mcufinder/ => C:\Users\emecc\.stmcufinder\plugins\mcufinder
2025-11-29 17:17:15,307 [INFO] CrossReferenceDbSqlite:203 - Set database path to: C:\Users\emecc\.stmcufinder\plugins\mcufinder//mcu/cs/
2025-11-29 17:17:15,316 [INFO] ApplicationProperties:184 - Using Application install path: C:\ST\STM32CubeIDE_1.19.0\STM32CubeIDE\plugins\com.st.stm32cube.common.mx_6.15.0.202507011659
2025-11-29 17:17:15,317 [INFO] PluginManage:196 - Search for loadable plugins [exclusion list=, ]
2025-11-29 17:17:15,317 [INFO] PluginManage:310 - Check plugin analytics
2025-11-29 17:17:20,351 [INFO] AnalyticsPlugin:253 - Accepted Software Licenses: 
2025-11-29 17:17:20,351 [INFO] AnalyticsPlugin:255 - Accepted CMSIS Pack Licenses: 
2025-11-29 17:17:20,351 [INFO] AnalyticsPlugin:257 - Accepted Firmware Licenses: FW.F7.1.17.0,FW.WB.1.23.0
2025-11-29 17:17:20,352 [INFO] PluginManage:359 - Loaded plugin analytics (category:tool,tabindex:-1)
2025-11-29 17:17:20,353 [INFO] PluginManage:310 - Check plugin cadmodel
2025-11-29 17:17:20,355 [INFO] CADModel:105 - Init CAD model plugin
2025-11-29 17:17:20,355 [INFO] PluginManage:359 - Loaded plugin cadmodel (category:power,tabindex:5)
2025-11-29 17:17:20,355 [INFO] PluginManage:310 - Check plugin clock
2025-11-29 17:17:20,358 [INFO] PluginManage:359 - Loaded plugin clock (category:base,tabindex:2)
2025-11-29 17:17:20,359 [INFO] PluginManage:310 - Check plugin ddr
2025-11-29 17:17:20,359 [INFO] PluginManage:359 - Loaded plugin ddr (category:tool,tabindex:6)
2025-11-29 17:17:20,359 [INFO] PluginManage:310 - Check plugin filemanager
2025-11-29 17:17:20,482 [INFO] PluginManage:359 - Loaded plugin filemanager (category:base,tabindex:10)
2025-11-29 17:17:20,482 [INFO] PluginManage:310 - Check plugin ipmanager
2025-11-29 17:17:20,487 [INFO] PluginManage:359 - Loaded plugin ipmanager (category:base,tabindex:5)
2025-11-29 17:17:20,487 [INFO] PluginManage:310 - Check plugin lpbam
2025-11-29 17:17:20,491 [INFO] PluginManage:359 - Loaded plugin lpbam (category:base,tabindex:0)
2025-11-29 17:17:20,491 [INFO] PluginManage:310 - Check plugin memorymap
2025-11-29 17:17:20,496 [INFO] PluginManage:359 - Loaded plugin memorymap (category:base,tabindex:4)
2025-11-29 17:17:20,496 [INFO] PluginManage:310 - Check plugin pinoutandconfiguration
2025-11-29 17:17:20,500 [INFO] PluginManage:359 - Loaded plugin pinoutandconfiguration (category:base,tabindex:1)
2025-11-29 17:17:20,500 [INFO] PluginManage:310 - Check plugin pinoutconfig
2025-11-29 17:17:20,541 [WARN] SupportedApi:132 - Cannot load RTOS API schema: s4s-elt-must-match.1: The content of 'definitions' must match (annotation?, (simpleType | complexType)?, (unique | key | keyref)*)). A problem was found starting at: attribute.
2025-11-29 17:17:20,601 [INFO] PluginManage:359 - Loaded plugin pinoutconfig (category:base,tabindex:0)
2025-11-29 17:17:20,601 [INFO] PluginManage:310 - Check plugin power
2025-11-29 17:17:20,605 [INFO] PluginManage:359 - Loaded plugin power (category:power,tabindex:4)
2025-11-29 17:17:20,605 [INFO] PluginManage:310 - Check plugin projectmanager
2025-11-29 17:17:20,614 [INFO] PluginManage:359 - Loaded plugin projectmanager (category:projectmanager,tabindex:4)
2025-11-29 17:17:20,614 [INFO] PluginManage:310 - Check plugin rif
2025-11-29 17:17:20,618 [INFO] PluginManage:359 - Loaded plugin rif (category:base,tabindex:3)
2025-11-29 17:17:20,618 [INFO] PluginManage:310 - Check plugin thirdparty
2025-11-29 17:17:20,678 [INFO] PluginManage:359 - Loaded plugin thirdparty (category:base,tabindex:-1)
2025-11-29 17:17:20,678 [WARN] IntegrityCheckThread:84 - waiting for thirdparty lock release [integrity check]
2025-11-29 17:17:20,678 [INFO] PluginManage:310 - Check plugin tools
2025-11-29 17:17:20,678 [INFO] IntegrityCheckThread:86 - entering critical section [integrity check]
2025-11-29 17:17:20,678 [INFO] ThirdPartyUpdaterWithRetryManager:70 - Updater plugin not ready yet. [1/15]
2025-11-29 17:17:20,680 [INFO] PluginManage:359 - Loaded plugin tools (category:base,tabindex:7)
2025-11-29 17:17:20,680 [INFO] PluginManage:310 - Check plugin tutovideos
2025-11-29 17:17:20,770 [INFO] PluginManage:359 - Loaded plugin tutovideos (category:base,tabindex:-1)
2025-11-29 17:17:20,770 [INFO] PluginManage:310 - Check plugin updater
2025-11-29 17:17:20,781 [INFO] PluginManage:359 - Loaded plugin updater (category:base,tabindex:12)
2025-11-29 17:17:20,781 [INFO] PluginManage:310 - Check plugin userauth
2025-11-29 17:17:20,783 [INFO] UserAuth:118 - Init User Auth plugin
2025-11-29 17:17:20,783 [INFO] PluginManage:359 - Loaded plugin userauth (category:base,tabindex:14)
2025-11-29 17:17:20,783 [INFO] PluginManage:283 - PluginManage : Loaded plugins [18]
2025-11-29 17:17:20,885 [INFO] PinOutPanel:1589 - setPackage(No Configuration,No Configuration)
2025-11-29 17:17:20,933 [INFO] CADModel:165 - CPN selected for project level
2025-11-29 17:17:20,934 [INFO] CADModel:114 - Register for checkConnection events
2025-11-29 17:17:20,943 [INFO] IPUIPlugin:80 - create IPUIPlugin
2025-11-29 17:17:20,943 [INFO] PluginManager:220 - loadIPPluginJar : add adc
2025-11-29 17:17:20,945 [INFO] IPUIPlugin:80 - create IPUIPlugin
2025-11-29 17:17:20,945 [INFO] PluginManager:220 - loadIPPluginJar : add aes
2025-11-29 17:17:20,946 [INFO] IPUIPlugin:80 - create IPUIPlugin
2025-11-29 17:17:20,946 [INFO] PluginManager:220 - loadIPPluginJar : add can
2025-11-29 17:17:20,946 [INFO] IPUIPlugin:80 - create IPUIPlugin
2025-11-29 17:17:20,946 [INFO] PluginManager:220 - loadIPPluginJar : add comp
2025-11-29 17:17:20,947 [INFO] IPUIPlugin:80 - create IPUIPlugin
2025-11-29 17:17:20,947 [INFO] PluginManager:220 - loadIPPluginJar : add cryp
2025-11-29 17:17:20,948 [INFO] IPUIPlugin:80 - create IPUIPlugin
2025-11-29 17:17:20,948 [INFO] PluginManager:220 - loadIPPluginJar : add ddr_ctrl_phy
2025-11-29 17:17:20,949 [INFO] IPUIPlugin:80 - create IPUIPlugin
2025-11-29 17:17:20,949 [INFO] PluginManager:220 - loadIPPluginJar : add dfsdm
2025-11-29 17:17:20,952 [INFO] IPUIPlugin:80 - create IPUIPlugin
2025-11-29 17:17:20,952 [INFO] PluginManager:220 - loadIPPluginJar : add dma
2025-11-29 17:17:20,953 [INFO] IPUIPlugin:80 - create IPUIPlugin
2025-11-29 17:17:20,953 [INFO] PluginManager:220 - loadIPPluginJar : add dma3
2025-11-29 17:17:20,954 [INFO] IPUIPlugin:80 - create IPUIPlugin
2025-11-29 17:17:20,955 [INFO] PluginManager:220 - loadIPPluginJar : add extmemmanager
2025-11-29 17:17:20,955 [INFO] IPUIPlugin:80 - create IPUIPlugin
2025-11-29 17:17:20,955 [INFO] PluginManager:220 - loadIPPluginJar : add fatfs
2025-11-29 17:17:20,957 [INFO] IPUIPlugin:80 - create IPUIPlugin
2025-11-29 17:17:20,957 [INFO] PluginManager:220 - loadIPPluginJar : add fmc
2025-11-29 17:17:20,959 [INFO] IPUIPlugin:80 - create IPUIPlugin
2025-11-29 17:17:20,959 [INFO] PluginManager:220 - loadIPPluginJar : add freertos
2025-11-29 17:17:20,960 [INFO] IPUIPlugin:80 - create IPUIPlugin
2025-11-29 17:17:20,960 [INFO] PluginManager:220 - loadIPPluginJar : add genericplugin
2025-11-29 17:17:20,960 [INFO] IPUIPlugin:80 - create IPUIPlugin
2025-11-29 17:17:20,961 [INFO] PluginManager:220 - loadIPPluginJar : add gfxmmu
2025-11-29 17:17:20,963 [INFO] IPUIPlugin:80 - create IPUIPlugin
2025-11-29 17:17:20,963 [INFO] PluginManager:220 - loadIPPluginJar : add gic
2025-11-29 17:17:20,966 [INFO] IPUIPlugin:80 - create IPUIPlugin
2025-11-29 17:17:20,966 [INFO] PluginManager:220 - loadIPPluginJar : add gpio
2025-11-29 17:17:20,967 [INFO] IPUIPlugin:80 - create IPUIPlugin
2025-11-29 17:17:20,967 [INFO] PluginManager:220 - loadIPPluginJar : add gtzc
2025-11-29 17:17:20,968 [INFO] IPUIPlugin:80 - create IPUIPlugin
2025-11-29 17:17:20,968 [INFO] PluginManager:220 - loadIPPluginJar : add hash
2025-11-29 17:17:20,969 [INFO] IPUIPlugin:80 - create IPUIPlugin
2025-11-29 17:17:20,969 [INFO] PluginManager:220 - loadIPPluginJar : add i2c
2025-11-29 17:17:20,970 [INFO] IPUIPlugin:80 - create IPUIPlugin
2025-11-29 17:17:20,970 [INFO] PluginManager:220 - loadIPPluginJar : add i2s
2025-11-29 17:17:20,971 [INFO] IPUIPlugin:80 - create IPUIPlugin
2025-11-29 17:17:20,971 [INFO] PluginManager:220 - loadIPPluginJar : add i3c
2025-11-29 17:17:20,973 [INFO] IPUIPlugin:80 - create IPUIPlugin
2025-11-29 17:17:20,973 [INFO] PluginManager:220 - loadIPPluginJar : add ipddr
2025-11-29 17:17:20,976 [INFO] IPUIPlugin:80 - create IPUIPlugin
2025-11-29 17:17:20,977 [INFO] PluginManager:220 - loadIPPluginJar : add linkedlist
2025-11-29 17:17:20,978 [INFO] IPUIPlugin:80 - create IPUIPlugin
2025-11-29 17:17:20,978 [INFO] PluginManager:220 - loadIPPluginJar : add lorawan
2025-11-29 17:17:20,978 [INFO] IPUIPlugin:80 - create IPUIPlugin
2025-11-29 17:17:20,978 [INFO] PluginManager:220 - loadIPPluginJar : add ltdc
2025-11-29 17:17:20,980 [INFO] IPUIPlugin:80 - create IPUIPlugin
2025-11-29 17:17:20,980 [INFO] PluginManager:220 - loadIPPluginJar : add mdma
2025-11-29 17:17:20,982 [INFO] IPUIPlugin:80 - create IPUIPlugin
2025-11-29 17:17:20,982 [INFO] PluginManager:220 - loadIPPluginJar : add nvic
2025-11-29 17:17:20,984 [INFO] IPUIPlugin:80 - create IPUIPlugin
2025-11-29 17:17:20,984 [INFO] PluginManager:220 - loadIPPluginJar : add opamp
2025-11-29 17:17:20,985 [INFO] IPUIPlugin:80 - create IPUIPlugin
2025-11-29 17:17:20,985 [INFO] PluginManager:220 - loadIPPluginJar : add openamp
2025-11-29 17:17:20,986 [INFO] IPUIPlugin:80 - create IPUIPlugin
2025-11-29 17:17:20,986 [INFO] PluginManager:220 - loadIPPluginJar : add pdm2pcm
2025-11-29 17:17:20,988 [INFO] IPUIPlugin:80 - create IPUIPlugin
2025-11-29 17:17:20,989 [INFO] PluginManager:220 - loadIPPluginJar : add plateformsettings
2025-11-29 17:17:20,991 [INFO] IPUIPlugin:80 - create IPUIPlugin
2025-11-29 17:17:20,991 [INFO] PluginManager:220 - loadIPPluginJar : add quadspi
2025-11-29 17:17:20,992 [INFO] IPUIPlugin:80 - create IPUIPlugin
2025-11-29 17:17:20,992 [INFO] PluginManager:220 - loadIPPluginJar : add radio
2025-11-29 17:17:20,993 [INFO] IPUIPlugin:80 - create IPUIPlugin
2025-11-29 17:17:20,993 [INFO] PluginManager:220 - loadIPPluginJar : add resmgrutility
2025-11-29 17:17:20,995 [INFO] IPUIPlugin:80 - create IPUIPlugin
2025-11-29 17:17:20,995 [INFO] PluginManager:220 - loadIPPluginJar : add sai
2025-11-29 17:17:20,997 [INFO] IPUIPlugin:80 - create IPUIPlugin
2025-11-29 17:17:20,997 [INFO] PluginManager:220 - loadIPPluginJar : add spi
2025-11-29 17:17:20,999 [INFO] IPUIPlugin:80 - create IPUIPlugin
2025-11-29 17:17:20,999 [INFO] PluginManager:220 - loadIPPluginJar : add stm32_wpan
2025-11-29 17:17:20,999 [INFO] IPUIPlugin:80 - create IPUIPlugin
2025-11-29 17:17:20,999 [INFO] PluginManager:220 - loadIPPluginJar : add tim
2025-11-29 17:17:21,001 [INFO] IPUIPlugin:80 - create IPUIPlugin
2025-11-29 17:17:21,001 [INFO] PluginManager:220 - loadIPPluginJar : add touchsensing
2025-11-29 17:17:21,001 [INFO] IPUIPlugin:80 - create IPUIPlugin
2025-11-29 17:17:21,001 [INFO] PluginManager:220 - loadIPPluginJar : add tracer_emb
2025-11-29 17:17:21,003 [INFO] IPUIPlugin:80 - create IPUIPlugin
2025-11-29 17:17:21,003 [INFO] PluginManager:220 - loadIPPluginJar : add ts
2025-11-29 17:17:21,003 [INFO] IPUIPlugin:80 - create IPUIPlugin
2025-11-29 17:17:21,003 [INFO] PluginManager:220 - loadIPPluginJar : add tsc
2025-11-29 17:17:21,004 [INFO] IPUIPlugin:80 - create IPUIPlugin
2025-11-29 17:17:21,004 [INFO] PluginManager:220 - loadIPPluginJar : add ucpd
2025-11-29 17:17:21,005 [INFO] IPUIPlugin:80 - create IPUIPlugin
2025-11-29 17:17:21,005 [INFO] PluginManager:220 - loadIPPluginJar : add usart
2025-11-29 17:17:21,006 [INFO] IPUIPlugin:80 - create IPUIPlugin
2025-11-29 17:17:21,006 [INFO] PluginManager:220 - loadIPPluginJar : add usbx
2025-11-29 17:17:21,104 [FATAL] Updater:351 - Updater called before beeing initialized
2025-11-29 17:17:21,117 [INFO] RulesReader:64 - Compatibility file has been processed (317 Rules)
2025-11-29 17:17:21,122 [INFO] RulesReader:64 - Compatibility file has been processed (317 Rules)
2025-11-29 17:17:21,125 [INFO] CADModel:165 - CPN selected for project level
2025-11-29 17:17:21,125 [INFO] CADModel:114 - Register for checkConnection events
2025-11-29 17:17:21,127 [FATAL] Updater:351 - Updater called before beeing initialized
2025-11-29 17:17:21,127 [ERROR] CADModel:125 - Updater not yet initialized, retry later 
2025-11-29 17:17:21,191 [FATAL] Updater:351 - Updater called before beeing initialized
2025-11-29 17:17:21,191 [INFO] CADModel:165 - CPN selected for project level
2025-11-29 17:17:21,191 [INFO] CADModel:114 - Register for checkConnection events
2025-11-29 17:17:21,191 [FATAL] Updater:351 - Updater called before beeing initialized
2025-11-29 17:17:21,191 [ERROR] CADModel:125 - Updater not yet initialized, retry later 
2025-11-29 17:17:21,194 [FATAL] Updater:351 - Updater called before beeing initialized
2025-11-29 17:17:21,244 [FATAL] Updater:351 - Updater called before beeing initialized
2025-11-29 17:17:21,246 [INFO] DbMcusAds:53 - JSON generation date=Tue Nov 25 15:08:32 CET 2025 (1764079712287)
2025-11-29 17:17:21,246 [FATAL] Updater:351 - Updater called before beeing initialized
2025-11-29 17:17:21,263 [WARN] DetailPanel:346 - Failed to get advertising image, set to default
2025-11-29 17:17:21,313 [FATAL] Updater:351 - Updater called before beeing initialized
2025-11-29 17:17:21,314 [FATAL] Updater:351 - Updater called before beeing initialized
2025-11-29 17:17:21,314 [FATAL] Updater:351 - Updater called before beeing initialized
2025-11-29 17:17:21,314 [WARN] DetailPanel:346 - Failed to get advertising image, set to default
2025-11-29 17:17:21,314 [FATAL] Updater:351 - Updater called before beeing initialized
2025-11-29 17:17:21,335 [ERROR] Updater:1198 - MainUpdater not yet initialized. External WinMGr cannot be set.
2025-11-29 17:17:21,335 [INFO] Updater:1134 - Updater Version found : 6.15.0
2025-11-29 17:17:21,343 [INFO] ApplicationProperties:184 - Using Application install path: C:\ST\STM32CubeIDE_1.19.0\STM32CubeIDE\plugins\com.st.stm32cube.common.mx_6.15.0.202507011659
2025-11-29 17:17:22,930 [ERROR] LogOutputStream:75 - [STDERR_REDIRECT] Nov 29, 2025 5:17:22 PM java.util.prefs.WindowsPreferences <init>
2025-11-29 17:17:22,932 [ERROR] LogOutputStream:75 - [STDERR_REDIRECT] WARNING: Could not open/create prefs root node Software\JavaSoft\Prefs at root 0xffffffff80000002. Windows RegCreateKeyEx(...) returned error code 5.
2025-11-29 17:17:22,932 [ERROR] LogOutputStream:75 - [STDERR_REDIRECT] 
2025-11-29 17:17:23,126 [INFO] MainUpdater:2872 - connection check result : 10
2025-11-29 17:17:23,126 [INFO] MainUpdater:289 - Updater Check For Update Now.
2025-11-29 17:17:23,126 [INFO] MicroXplorer:498 - Change Database Version : DB.6.0.150
2025-11-29 17:17:23,210 [ERROR] LogOutputStream:75 - [STDERR_REDIRECT] 
