2026-05-15 01:01:42,108 [INFO] WebApp:403 - JxBrowser engine has been closed 
2026-05-15 08:38:29,955 [INFO] Activator:176 - 


2026-05-15 08:38:29,956 [INFO] Activator:177 - !SESSION log4j initialized
2026-05-15 08:38:33,597 [INFO] LogOutputStream:77 - [STDOUT_REDIRECT] 
2026-05-15 08:38:39,277 [INFO] ApplicationProperties:184 - Using Application install path: C:\ST\STM32CubeIDE_1.19.0\STM32CubeIDE\plugins\com.st.stm32cube.common.mx_6.15.0.202507011659
2026-05-15 08:38:39,289 [INFO] DbMcusXml:78 - Set database path to: C:\ST\STM32CubeIDE_1.19.0\STM32CubeIDE\plugins\com.st.stm32cube.common.mx_6.15.0.202507011659\\db\/mcu/
2026-05-15 08:38:39,289 [INFO] ApiDb:274 - Set plugin database path to: C:\ST\STM32CubeIDE_1.19.0\STM32CubeIDE\plugins\com.st.stm32cube.common.mx_6.15.0.202507011659\\db\/plugins/boardmanager/
2026-05-15 08:38:39,289 [WARN] ApiDb:259 - Overriding images path with different value:  => C:\ST\STM32CubeIDE_1.19.0\STM32CubeIDE\plugins\com.st.stm32cube.common.mx_6.15.0.202507011659\\db\/plugins/mcufinder/images/
2026-05-15 08:38:39,294 [INFO] ApiDb:250 - Set database path to: C:\Users\emecc\.stmcufinder\plugins\mcufinder//mcu/
2026-05-15 08:38:39,295 [INFO] DbMcusAds:125 - Set database path to: C:\Users\emecc\.stmcufinder\plugins\mcufinder//mcu/
2026-05-15 08:38:39,296 [INFO] CrossReferenceDbSqlite:203 - Set database path to: C:\Users\emecc\.stmcufinder\plugins\mcufinder//mcu/cs/
2026-05-15 08:38:39,358 [INFO] RulesReader:64 - Compatibility file has been processed (317 Rules)
2026-05-15 08:38:39,404 [INFO] DbMcusXml:78 - Set database path to: C:\ST\STM32CubeIDE_1.19.0\STM32CubeIDE\plugins\com.st.stm32cube.common.mx_6.15.0.202507011659\\db\/mcu/
2026-05-15 08:38:39,404 [INFO] ApiDb:274 - Set plugin database path to: C:\ST\STM32CubeIDE_1.19.0\STM32CubeIDE\plugins\com.st.stm32cube.common.mx_6.15.0.202507011659\\db\/plugins/boardmanager/
2026-05-15 08:38:39,404 [INFO] ApiDb:261 - Set plugin images path to: C:\ST\STM32CubeIDE_1.19.0\STM32CubeIDE\plugins\com.st.stm32cube.common.mx_6.15.0.202507011659\\db\/plugins/mcufinder/images/
2026-05-15 08:38:39,404 [WARN] DbFile:41 - Overriding database path with different value: C:\Users\emecc\.stmcufinder\plugins\mcufinder/ => C:\Users\emecc\.stmcufinder\plugins\mcufinder
2026-05-15 08:38:39,404 [INFO] ApiDb:250 - Set database path to: C:\Users\emecc\.stmcufinder\plugins\mcufinder//mcu/
2026-05-15 08:38:39,404 [WARN] DbFile:41 - Overriding database path with different value: C:\Users\emecc\.stmcufinder\plugins\mcufinder/ => C:\Users\emecc\.stmcufinder\plugins\mcufinder
2026-05-15 08:38:39,404 [INFO] DbMcusAds:125 - Set database path to: C:\Users\emecc\.stmcufinder\plugins\mcufinder//mcu/
2026-05-15 08:38:39,404 [WARN] DbFile:41 - Overriding database path with different value: C:\Users\emecc\.stmcufinder\plugins\mcufinder/ => C:\Users\emecc\.stmcufinder\plugins\mcufinder
2026-05-15 08:38:39,404 [WARN] DbFile:41 - Overriding database path with different value: C:\Users\emecc\.stmcufinder\plugins\mcufinder/ => C:\Users\emecc\.stmcufinder\plugins\mcufinder
2026-05-15 08:38:39,404 [INFO] CrossReferenceDbSqlite:203 - Set database path to: C:\Users\emecc\.stmcufinder\plugins\mcufinder//mcu/cs/
2026-05-15 08:38:39,446 [INFO] MainPanel:274 - HeapMemory: 268435456
2026-05-15 08:38:39,511 [INFO] DbMcusXml:78 - Set database path to: C:\ST\STM32CubeIDE_1.19.0\STM32CubeIDE\plugins\com.st.stm32cube.common.mx_6.15.0.202507011659\\db\/mcu/
2026-05-15 08:38:39,511 [INFO] ApiDb:274 - Set plugin database path to: C:\ST\STM32CubeIDE_1.19.0\STM32CubeIDE\plugins\com.st.stm32cube.common.mx_6.15.0.202507011659\\db\/plugins/boardmanager/
2026-05-15 08:38:39,511 [INFO] ApiDb:261 - Set plugin images path to: C:\ST\STM32CubeIDE_1.19.0\STM32CubeIDE\plugins\com.st.stm32cube.common.mx_6.15.0.202507011659\\db\/plugins/mcufinder/images/
2026-05-15 08:38:39,511 [WARN] DbFile:41 - Overriding database path with different value: C:\Users\emecc\.stmcufinder\plugins\mcufinder/ => C:\Users\emecc\.stmcufinder\plugins\mcufinder
2026-05-15 08:38:39,511 [INFO] ApiDb:250 - Set database path to: C:\Users\emecc\.stmcufinder\plugins\mcufinder//mcu/
2026-05-15 08:38:39,512 [WARN] DbFile:41 - Overriding database path with different value: C:\Users\emecc\.stmcufinder\plugins\mcufinder/ => C:\Users\emecc\.stmcufinder\plugins\mcufinder
2026-05-15 08:38:39,512 [INFO] DbMcusAds:125 - Set database path to: C:\Users\emecc\.stmcufinder\plugins\mcufinder//mcu/
2026-05-15 08:38:39,512 [WARN] DbFile:41 - Overriding database path with different value: C:\Users\emecc\.stmcufinder\plugins\mcufinder/ => C:\Users\emecc\.stmcufinder\plugins\mcufinder
2026-05-15 08:38:39,512 [WARN] DbFile:41 - Overriding database path with different value: C:\Users\emecc\.stmcufinder\plugins\mcufinder/ => C:\Users\emecc\.stmcufinder\plugins\mcufinder
2026-05-15 08:38:39,512 [INFO] CrossReferenceDbSqlite:203 - Set database path to: C:\Users\emecc\.stmcufinder\plugins\mcufinder//mcu/cs/
2026-05-15 08:38:39,521 [INFO] ApplicationProperties:184 - Using Application install path: C:\ST\STM32CubeIDE_1.19.0\STM32CubeIDE\plugins\com.st.stm32cube.common.mx_6.15.0.202507011659
2026-05-15 08:38:39,523 [INFO] PluginManage:196 - Search for loadable plugins [exclusion list=, ]
2026-05-15 08:38:39,524 [INFO] PluginManage:310 - Check plugin analytics
2026-05-15 08:38:44,752 [INFO] AnalyticsPlugin:253 - Accepted Software Licenses: 
2026-05-15 08:38:44,753 [INFO] AnalyticsPlugin:255 - Accepted CMSIS Pack Licenses: 
2026-05-15 08:38:44,753 [INFO] AnalyticsPlugin:257 - Accepted Firmware Licenses: FW.F7.1.17.0,FW.WB.1.23.0
2026-05-15 08:38:44,753 [INFO] PluginManage:359 - Loaded plugin analytics (category:tool,tabindex:-1)
2026-05-15 08:38:44,753 [INFO] PluginManage:310 - Check plugin cadmodel
2026-05-15 08:38:44,757 [INFO] CADModel:105 - Init CAD model plugin
2026-05-15 08:38:44,757 [INFO] PluginManage:359 - Loaded plugin cadmodel (category:power,tabindex:5)
2026-05-15 08:38:44,757 [INFO] PluginManage:310 - Check plugin clock
2026-05-15 08:38:44,764 [INFO] PluginManage:359 - Loaded plugin clock (category:base,tabindex:2)
2026-05-15 08:38:44,764 [INFO] PluginManage:310 - Check plugin ddr
2026-05-15 08:38:44,765 [INFO] PluginManage:359 - Loaded plugin ddr (category:tool,tabindex:6)
2026-05-15 08:38:44,765 [INFO] PluginManage:310 - Check plugin filemanager
2026-05-15 08:38:44,849 [INFO] PluginManage:359 - Loaded plugin filemanager (category:base,tabindex:10)
2026-05-15 08:38:44,849 [INFO] PluginManage:310 - Check plugin ipmanager
2026-05-15 08:38:44,854 [INFO] PluginManage:359 - Loaded plugin ipmanager (category:base,tabindex:5)
2026-05-15 08:38:44,854 [INFO] PluginManage:310 - Check plugin lpbam
2026-05-15 08:38:44,858 [INFO] PluginManage:359 - Loaded plugin lpbam (category:base,tabindex:0)
2026-05-15 08:38:44,858 [INFO] PluginManage:310 - Check plugin memorymap
2026-05-15 08:38:44,867 [INFO] PluginManage:359 - Loaded plugin memorymap (category:base,tabindex:4)
2026-05-15 08:38:44,867 [INFO] PluginManage:310 - Check plugin pinoutandconfiguration
2026-05-15 08:38:44,872 [INFO] PluginManage:359 - Loaded plugin pinoutandconfiguration (category:base,tabindex:1)
2026-05-15 08:38:44,872 [INFO] PluginManage:310 - Check plugin pinoutconfig
2026-05-15 08:38:44,922 [WARN] SupportedApi:132 - Cannot load RTOS API schema: s4s-elt-must-match.1: The content of 'definitions' must match (annotation?, (simpleType | complexType)?, (unique | key | keyref)*)). A problem was found starting at: attribute.
2026-05-15 08:38:44,997 [INFO] PluginManage:359 - Loaded plugin pinoutconfig (category:base,tabindex:0)
2026-05-15 08:38:44,997 [INFO] PluginManage:310 - Check plugin power
2026-05-15 08:38:45,002 [INFO] PluginManage:359 - Loaded plugin power (category:power,tabindex:4)
2026-05-15 08:38:45,002 [INFO] PluginManage:310 - Check plugin projectmanager
2026-05-15 08:38:45,011 [INFO] PluginManage:359 - Loaded plugin projectmanager (category:projectmanager,tabindex:4)
2026-05-15 08:38:45,011 [INFO] PluginManage:310 - Check plugin rif
2026-05-15 08:38:45,017 [INFO] PluginManage:359 - Loaded plugin rif (category:base,tabindex:3)
2026-05-15 08:38:45,017 [INFO] PluginManage:310 - Check plugin thirdparty
2026-05-15 08:38:45,097 [INFO] PluginManage:359 - Loaded plugin thirdparty (category:base,tabindex:-1)
2026-05-15 08:38:45,097 [WARN] IntegrityCheckThread:84 - waiting for thirdparty lock release [integrity check]
2026-05-15 08:38:45,097 [INFO] PluginManage:310 - Check plugin tools
2026-05-15 08:38:45,097 [INFO] IntegrityCheckThread:86 - entering critical section [integrity check]
2026-05-15 08:38:45,097 [INFO] ThirdPartyUpdaterWithRetryManager:70 - Updater plugin not ready yet. [1/15]
2026-05-15 08:38:45,100 [INFO] PluginManage:359 - Loaded plugin tools (category:base,tabindex:7)
2026-05-15 08:38:45,100 [INFO] PluginManage:310 - Check plugin tutovideos
2026-05-15 08:38:45,220 [INFO] PluginManage:359 - Loaded plugin tutovideos (category:base,tabindex:-1)
2026-05-15 08:38:45,220 [INFO] PluginManage:310 - Check plugin updater
2026-05-15 08:38:45,235 [INFO] PluginManage:359 - Loaded plugin updater (category:base,tabindex:12)
2026-05-15 08:38:45,236 [INFO] PluginManage:310 - Check plugin userauth
2026-05-15 08:38:45,238 [INFO] UserAuth:118 - Init User Auth plugin
2026-05-15 08:38:45,238 [INFO] PluginManage:359 - Loaded plugin userauth (category:base,tabindex:14)
2026-05-15 08:38:45,239 [INFO] PluginManage:283 - PluginManage : Loaded plugins [18]
2026-05-15 08:38:45,362 [INFO] PinOutPanel:1589 - setPackage(No Configuration,No Configuration)
2026-05-15 08:38:45,434 [INFO] CADModel:165 - CPN selected for project level
2026-05-15 08:38:45,434 [INFO] CADModel:114 - Register for checkConnection events
2026-05-15 08:38:45,448 [INFO] IPUIPlugin:80 - create IPUIPlugin
2026-05-15 08:38:45,448 [INFO] PluginManager:220 - loadIPPluginJar : add adc
2026-05-15 08:38:45,450 [INFO] IPUIPlugin:80 - create IPUIPlugin
2026-05-15 08:38:45,450 [INFO] PluginManager:220 - loadIPPluginJar : add aes
2026-05-15 08:38:45,451 [INFO] IPUIPlugin:80 - create IPUIPlugin
2026-05-15 08:38:45,451 [INFO] PluginManager:220 - loadIPPluginJar : add can
2026-05-15 08:38:45,452 [INFO] IPUIPlugin:80 - create IPUIPlugin
2026-05-15 08:38:45,452 [INFO] PluginManager:220 - loadIPPluginJar : add comp
2026-05-15 08:38:45,454 [INFO] IPUIPlugin:80 - create IPUIPlugin
2026-05-15 08:38:45,454 [INFO] PluginManager:220 - loadIPPluginJar : add cryp
2026-05-15 08:38:45,455 [INFO] IPUIPlugin:80 - create IPUIPlugin
2026-05-15 08:38:45,455 [INFO] PluginManager:220 - loadIPPluginJar : add ddr_ctrl_phy
2026-05-15 08:38:45,457 [INFO] IPUIPlugin:80 - create IPUIPlugin
2026-05-15 08:38:45,457 [INFO] PluginManager:220 - loadIPPluginJar : add dfsdm
2026-05-15 08:38:45,460 [INFO] IPUIPlugin:80 - create IPUIPlugin
2026-05-15 08:38:45,460 [INFO] PluginManager:220 - loadIPPluginJar : add dma
2026-05-15 08:38:45,461 [INFO] IPUIPlugin:80 - create IPUIPlugin
2026-05-15 08:38:45,461 [INFO] PluginManager:220 - loadIPPluginJar : add dma3
2026-05-15 08:38:45,464 [INFO] IPUIPlugin:80 - create IPUIPlugin
2026-05-15 08:38:45,464 [INFO] PluginManager:220 - loadIPPluginJar : add extmemmanager
2026-05-15 08:38:45,465 [INFO] IPUIPlugin:80 - create IPUIPlugin
2026-05-15 08:38:45,465 [INFO] PluginManager:220 - loadIPPluginJar : add fatfs
2026-05-15 08:38:45,468 [INFO] IPUIPlugin:80 - create IPUIPlugin
2026-05-15 08:38:45,468 [INFO] PluginManager:220 - loadIPPluginJar : add fmc
2026-05-15 08:38:45,472 [INFO] IPUIPlugin:80 - create IPUIPlugin
2026-05-15 08:38:45,472 [INFO] PluginManager:220 - loadIPPluginJar : add freertos
2026-05-15 08:38:45,473 [INFO] IPUIPlugin:80 - create IPUIPlugin
2026-05-15 08:38:45,473 [INFO] PluginManager:220 - loadIPPluginJar : add genericplugin
2026-05-15 08:38:45,475 [INFO] IPUIPlugin:80 - create IPUIPlugin
2026-05-15 08:38:45,475 [INFO] PluginManager:220 - loadIPPluginJar : add gfxmmu
2026-05-15 08:38:45,478 [INFO] IPUIPlugin:80 - create IPUIPlugin
2026-05-15 08:38:45,478 [INFO] PluginManager:220 - loadIPPluginJar : add gic
2026-05-15 08:38:45,480 [INFO] IPUIPlugin:80 - create IPUIPlugin
2026-05-15 08:38:45,480 [INFO] PluginManager:220 - loadIPPluginJar : add gpio
2026-05-15 08:38:45,483 [INFO] IPUIPlugin:80 - create IPUIPlugin
2026-05-15 08:38:45,483 [INFO] PluginManager:220 - loadIPPluginJar : add gtzc
2026-05-15 08:38:45,485 [INFO] IPUIPlugin:80 - create IPUIPlugin
2026-05-15 08:38:45,485 [INFO] PluginManager:220 - loadIPPluginJar : add hash
2026-05-15 08:38:45,486 [INFO] IPUIPlugin:80 - create IPUIPlugin
2026-05-15 08:38:45,486 [INFO] PluginManager:220 - loadIPPluginJar : add i2c
2026-05-15 08:38:45,487 [INFO] IPUIPlugin:80 - create IPUIPlugin
2026-05-15 08:38:45,487 [INFO] PluginManager:220 - loadIPPluginJar : add i2s
2026-05-15 08:38:45,489 [INFO] IPUIPlugin:80 - create IPUIPlugin
2026-05-15 08:38:45,489 [INFO] PluginManager:220 - loadIPPluginJar : add i3c
2026-05-15 08:38:45,491 [INFO] IPUIPlugin:80 - create IPUIPlugin
2026-05-15 08:38:45,492 [INFO] PluginManager:220 - loadIPPluginJar : add ipddr
2026-05-15 08:38:45,496 [INFO] IPUIPlugin:80 - create IPUIPlugin
2026-05-15 08:38:45,496 [INFO] PluginManager:220 - loadIPPluginJar : add linkedlist
2026-05-15 08:38:45,497 [INFO] IPUIPlugin:80 - create IPUIPlugin
2026-05-15 08:38:45,497 [INFO] PluginManager:220 - loadIPPluginJar : add lorawan
2026-05-15 08:38:45,499 [INFO] IPUIPlugin:80 - create IPUIPlugin
2026-05-15 08:38:45,499 [INFO] PluginManager:220 - loadIPPluginJar : add ltdc
2026-05-15 08:38:45,502 [INFO] IPUIPlugin:80 - create IPUIPlugin
2026-05-15 08:38:45,502 [INFO] PluginManager:220 - loadIPPluginJar : add mdma
2026-05-15 08:38:45,504 [INFO] IPUIPlugin:80 - create IPUIPlugin
2026-05-15 08:38:45,504 [INFO] PluginManager:220 - loadIPPluginJar : add nvic
2026-05-15 08:38:45,506 [INFO] IPUIPlugin:80 - create IPUIPlugin
2026-05-15 08:38:45,506 [INFO] PluginManager:220 - loadIPPluginJar : add opamp
2026-05-15 08:38:45,507 [INFO] IPUIPlugin:80 - create IPUIPlugin
2026-05-15 08:38:45,507 [INFO] PluginManager:220 - loadIPPluginJar : add openamp
2026-05-15 08:38:45,509 [INFO] IPUIPlugin:80 - create IPUIPlugin
2026-05-15 08:38:45,509 [INFO] PluginManager:220 - loadIPPluginJar : add pdm2pcm
2026-05-15 08:38:45,514 [INFO] IPUIPlugin:80 - create IPUIPlugin
2026-05-15 08:38:45,515 [INFO] PluginManager:220 - loadIPPluginJar : add plateformsettings
2026-05-15 08:38:45,516 [INFO] IPUIPlugin:80 - create IPUIPlugin
2026-05-15 08:38:45,516 [INFO] PluginManager:220 - loadIPPluginJar : add quadspi
2026-05-15 08:38:45,517 [INFO] IPUIPlugin:80 - create IPUIPlugin
2026-05-15 08:38:45,517 [INFO] PluginManager:220 - loadIPPluginJar : add radio
2026-05-15 08:38:45,519 [INFO] IPUIPlugin:80 - create IPUIPlugin
2026-05-15 08:38:45,519 [INFO] PluginManager:220 - loadIPPluginJar : add resmgrutility
2026-05-15 08:38:45,521 [INFO] IPUIPlugin:80 - create IPUIPlugin
2026-05-15 08:38:45,521 [INFO] PluginManager:220 - loadIPPluginJar : add sai
2026-05-15 08:38:45,522 [INFO] IPUIPlugin:80 - create IPUIPlugin
2026-05-15 08:38:45,524 [INFO] PluginManager:220 - loadIPPluginJar : add spi
2026-05-15 08:38:45,527 [INFO] IPUIPlugin:80 - create IPUIPlugin
2026-05-15 08:38:45,527 [INFO] PluginManager:220 - loadIPPluginJar : add stm32_wpan
2026-05-15 08:38:45,528 [INFO] IPUIPlugin:80 - create IPUIPlugin
2026-05-15 08:38:45,528 [INFO] PluginManager:220 - loadIPPluginJar : add tim
2026-05-15 08:38:45,529 [INFO] IPUIPlugin:80 - create IPUIPlugin
2026-05-15 08:38:45,529 [INFO] PluginManager:220 - loadIPPluginJar : add touchsensing
2026-05-15 08:38:45,532 [INFO] IPUIPlugin:80 - create IPUIPlugin
2026-05-15 08:38:45,532 [INFO] PluginManager:220 - loadIPPluginJar : add tracer_emb
2026-05-15 08:38:45,532 [INFO] IPUIPlugin:80 - create IPUIPlugin
2026-05-15 08:38:45,532 [INFO] PluginManager:220 - loadIPPluginJar : add ts
2026-05-15 08:38:45,533 [INFO] IPUIPlugin:80 - create IPUIPlugin
2026-05-15 08:38:45,533 [INFO] PluginManager:220 - loadIPPluginJar : add tsc
2026-05-15 08:38:45,534 [INFO] IPUIPlugin:80 - create IPUIPlugin
2026-05-15 08:38:45,534 [INFO] PluginManager:220 - loadIPPluginJar : add ucpd
2026-05-15 08:38:45,535 [INFO] IPUIPlugin:80 - create IPUIPlugin
2026-05-15 08:38:45,535 [INFO] PluginManager:220 - loadIPPluginJar : add usart
2026-05-15 08:38:45,538 [INFO] IPUIPlugin:80 - create IPUIPlugin
2026-05-15 08:38:45,538 [INFO] PluginManager:220 - loadIPPluginJar : add usbx
2026-05-15 08:38:45,642 [FATAL] Updater:351 - Updater called before beeing initialized
2026-05-15 08:38:45,657 [INFO] RulesReader:64 - Compatibility file has been processed (317 Rules)
2026-05-15 08:38:45,663 [INFO] RulesReader:64 - Compatibility file has been processed (317 Rules)
2026-05-15 08:38:45,668 [INFO] CADModel:165 - CPN selected for project level
2026-05-15 08:38:45,668 [INFO] CADModel:114 - Register for checkConnection events
2026-05-15 08:38:45,668 [FATAL] Updater:351 - Updater called before beeing initialized
2026-05-15 08:38:45,668 [ERROR] CADModel:125 - Updater not yet initialized, retry later 
2026-05-15 08:38:45,753 [FATAL] Updater:351 - Updater called before beeing initialized
2026-05-15 08:38:45,754 [INFO] CADModel:165 - CPN selected for project level
2026-05-15 08:38:45,754 [INFO] CADModel:114 - Register for checkConnection events
2026-05-15 08:38:45,754 [FATAL] Updater:351 - Updater called before beeing initialized
2026-05-15 08:38:45,754 [ERROR] CADModel:125 - Updater not yet initialized, retry later 
2026-05-15 08:38:45,756 [FATAL] Updater:351 - Updater called before beeing initialized
2026-05-15 08:38:45,817 [FATAL] Updater:351 - Updater called before beeing initialized
2026-05-15 08:38:45,818 [INFO] DbMcusAds:53 - JSON generation date=Thu Mar 05 15:32:52 CET 2026 (1772721172890)
2026-05-15 08:38:45,818 [FATAL] Updater:351 - Updater called before beeing initialized
2026-05-15 08:38:45,842 [WARN] DetailPanel:346 - Failed to get advertising image, set to default
2026-05-15 08:38:45,891 [FATAL] Updater:351 - Updater called before beeing initialized
2026-05-15 08:38:45,892 [FATAL] Updater:351 - Updater called before beeing initialized
2026-05-15 08:38:45,892 [FATAL] Updater:351 - Updater called before beeing initialized
2026-05-15 08:38:45,892 [WARN] DetailPanel:346 - Failed to get advertising image, set to default
2026-05-15 08:38:45,893 [FATAL] Updater:351 - Updater called before beeing initialized
2026-05-15 08:38:45,918 [ERROR] Updater:1198 - MainUpdater not yet initialized. External WinMGr cannot be set.
2026-05-15 08:38:45,920 [INFO] Updater:1134 - Updater Version found : 6.15.0
2026-05-15 08:38:45,932 [INFO] ApplicationProperties:184 - Using Application install path: C:\ST\STM32CubeIDE_1.19.0\STM32CubeIDE\plugins\com.st.stm32cube.common.mx_6.15.0.202507011659
2026-05-15 08:38:47,497 [ERROR] LogOutputStream:75 - [STDERR_REDIRECT] May 15, 2026 8:38:47 AM java.util.prefs.WindowsPreferences <init>
2026-05-15 08:38:47,497 [ERROR] LogOutputStream:75 - [STDERR_REDIRECT] WARNING: Could not open/create prefs root node Software\JavaSoft\Prefs at root 0xffffffff80000002. Windows RegCreateKeyEx(...) returned error code 5.
2026-05-15 08:38:47,497 [ERROR] LogOutputStream:75 - [STDERR_REDIRECT] 
2026-05-15 08:38:47,671 [INFO] MainUpdater:2872 - connection check result : 10
2026-05-15 08:38:47,671 [INFO] MainUpdater:3604 - Updater definition file requires update
2026-05-15 08:38:47,672 [INFO] MainUpdater:289 - Updater Check For Update Now.
2026-05-15 08:38:47,672 [INFO] MicroXplorer:498 - Change Database Version : DB.6.0.150
2026-05-15 08:38:47,675 [INFO] McuFinderGlobals:63 - Set McuFinder mode to 2 (CubeIDE integrated)
2026-05-15 08:38:47,676 [INFO] UserAuth:487 - Internet connection configuration mode: 1
2026-05-15 08:38:47,688 [INFO] ServerAccessManage:452 - Complete download http(s) 200
2026-05-15 08:38:47,689 [INFO] ServerAccessManage:509 - Download File updaters.zip
2026-05-15 08:38:47,690 [INFO] JxBrowserEngine:152 - Initiate JxBrowser Engine with user profile folder
2026-05-15 08:38:47,766 [INFO] FileExtend:248 - Unzip File : updaters.zip
2026-05-15 08:38:47,767 [INFO] FileExtend:263 - Standard Zip Deflate
2026-05-15 08:38:48,062 [INFO] ServerAccessManage:452 - Complete download http(s) 200
2026-05-15 08:38:48,062 [INFO] ServerAccessManage:509 - Download File PacksControlFlags.xml
2026-05-15 08:38:48,099 [WARN] MainUpdater:1193 - Updater busy. Cannot search thirdparties
2026-05-15 08:38:48,099 [INFO] ThirdPartyUpdaterWithRetryManager:96 - Updater plugin is busy. [1/15]
2026-05-15 08:38:48,113 [INFO] ServerAccessManage:452 - Complete download http(s) 200
2026-05-15 08:38:48,113 [INFO] ServerAccessManage:509 - Download File cubemx.pidx
2026-05-15 08:38:48,173 [INFO] LoadServerUpdatesThread:375 - End of LoadServerUpdate Thread
2026-05-15 08:38:48,313 [INFO] CheckServerUpdateThread:120 - End of CheckServer Thread
2026-05-15 08:38:48,523 [INFO] WebApp:169 - Instantiating new browser for Auth
2026-05-15 08:38:48,941 [INFO] WebApp:463 - Apply proxy settings
2026-05-15 08:38:48,943 [INFO] WebApp:548 - Chromium requires no authentication
2026-05-15 08:38:48,948 [INFO] WebApp:491 - Direct internet connection detected
2026-05-15 08:38:48,962 [INFO] WebApp:900 - Register for checkConnection events
2026-05-15 08:38:48,962 [INFO] WebApp:463 - Apply proxy settings
2026-05-15 08:38:48,962 [INFO] WebApp:548 - Chromium requires no authentication
2026-05-15 08:38:48,963 [INFO] WebApp:491 - Direct internet connection detected
2026-05-15 08:38:49,061 [INFO] WebApp:225 - Starting web application
2026-05-15 08:38:49,061 [INFO] WebApp:593 - Web application path used C:\ST\STM32CubeIDE_1.19.0\STM32CubeIDE\plugins\com.st.stm32cube.common.mx_6.15.0.202507011659\db\plugins\mcufinder\reactClient1\index.html
2026-05-15 08:38:49,148 [INFO] WebApp:191 - Connection restablished
2026-05-15 08:38:49,175 [INFO] UserAuth:487 - Internet connection configuration mode: 1
2026-05-15 08:38:51,263 [WARN] PackLoader:240 - Cannot read IP mode file for STMicroelectronics.X-CUBE-AZRTOS-H7.3.5.0
2026-05-15 08:38:51,270 [WARN] PackLoader:240 - Cannot read IP mode file for STMicroelectronics.FP-SNS-MOTENVWB1.1.4.0
2026-05-15 08:38:51,273 [WARN] PackLoader:240 - Cannot read IP mode file for STMicroelectronics.FP-ATR-ASTRA1.2.0.2
2026-05-15 08:38:51,276 [WARN] PackLoader:240 - Cannot read IP mode file for STMicroelectronics.X-CUBE-SMBUS.2.1.0
2026-05-15 08:38:51,280 [WARN] PackLoader:240 - Cannot read IP mode file for STMicroelectronics.X-CUBE-ST60.1.0.0
2026-05-15 08:38:51,289 [WARN] PackLoader:240 - Cannot read IP mode file for STMicroelectronics.X-CUBE-AZRTOS-F7.1.1.0
2026-05-15 08:38:51,294 [WARN] PackLoader:240 - Cannot read IP mode file for Cesanta.I-CUBE-Mongoose.7.19.0
2026-05-15 08:38:51,296 [WARN] PackLoader:240 - Cannot read IP mode file for STMicroelectronics.FP-SNS-MOTENV1.5.1.0
2026-05-15 08:38:51,302 [WARN] PackLoader:240 - Cannot read IP mode file for WES.I-CUBE-Cesium.1.4.0
2026-05-15 08:38:51,313 [WARN] PackLoader:240 - Cannot read IP mode file for Infineon.AIROC-Wi-Fi-Bluetooth-STM32.1.7.1
2026-05-15 08:38:51,328 [WARN] PackLoader:240 - Cannot read IP mode file for STMicroelectronics.X-CUBE-AZRTOS-H7.3.4.0
2026-05-15 08:38:51,334 [WARN] PackLoader:240 - Cannot read IP mode file for STMicroelectronics.X-CUBE-DISPLAY.3.0.0
2026-05-15 08:38:51,340 [WARN] PackLoader:240 - Cannot read IP mode file for STMicroelectronics.X-CUBE-GNSS1.7.1.1
2026-05-15 08:38:51,342 [WARN] PackLoader:240 - Cannot read IP mode file for STMicroelectronics.FP-SNS-MOTENVWB1.1.5.0
2026-05-15 08:38:51,343 [WARN] PackLoader:240 - Cannot read IP mode file for STMicroelectronics.X-CUBE-NFC10.1.0.0
2026-05-15 08:38:51,347 [WARN] PackLoader:240 - Cannot read IP mode file for STMicroelectronics.X-CUBE-ST60.1.1.0
2026-05-15 08:38:51,349 [WARN] PackLoader:240 - Cannot read IP mode file for emotas.I-CUBE-CANOPEN.1.3.0
2026-05-15 08:38:51,352 [WARN] PackLoader:240 - Cannot read IP mode file for STMicroelectronics.X-CUBE-GNSS1.7.1.0
2026-05-15 08:38:51,355 [WARN] PackLoader:240 - Cannot read IP mode file for STMicroelectronics.FP-SNS-STBOX1.2.1.0
2026-05-15 08:38:51,358 [WARN] PackLoader:240 - Cannot read IP mode file for STMicroelectronics.FP-SNS-SMARTAG2.1.2.0
2026-05-15 08:38:51,361 [WARN] PackLoader:240 - Cannot read IP mode file for STMicroelectronics.FP-SNS-FLIGHT1.5.1.0
2026-05-15 08:38:51,364 [INFO] LogOutputStream:77 - [STDOUT_REDIRECT] 1 : Invalid condition id : UX_CORESTACK_Condition cause : null
2026-05-15 08:38:51,365 [INFO] LogOutputStream:77 - [STDOUT_REDIRECT] 1 : Invalid condition id : UX_CORESTACK_Condition cause : null
2026-05-15 08:38:51,365 [INFO] LogOutputStream:77 - [STDOUT_REDIRECT] 1 : Invalid condition id : UX_CORESTACK_Condition cause : null
2026-05-15 08:38:51,366 [INFO] LogOutputStream:77 - [STDOUT_REDIRECT] 1 : Invalid condition id : UX_CORESTACK_Condition cause : null
2026-05-15 08:38:51,366 [INFO] LogOutputStream:77 - [STDOUT_REDIRECT] 1 : Invalid condition id : UX_CORESTACK_Condition cause : null
2026-05-15 08:38:51,367 [WARN] PackLoader:240 - Cannot read IP mode file for STMicroelectronics.X-CUBE-AZRTOS-WL.2.0.0
2026-05-15 08:38:51,371 [WARN] PackLoader:240 - Cannot read IP mode file for STMicroelectronics.FP-SNS-MOTENV1.5.0.0
2026-05-15 08:38:51,377 [WARN] PackLoader:240 - Cannot read IP mode file for STMicroelectronics.X-CUBE-AZRTOS-H7RS.1.2.0
2026-05-15 08:38:51,382 [WARN] PackLoader:240 - Cannot read IP mode file for STMicroelectronics.X-CUBE-BLE2.3.3.0
2026-05-15 08:38:51,392 [WARN] PackLoader:240 - Cannot read IP mode file for STMicroelectronics.X-CUBE-NFC9.1.0.0
2026-05-15 08:38:51,395 [WARN] PackLoader:240 - Cannot read IP mode file for wolfSSL.I-CUBE-wolfSSL.5.8.2
2026-05-15 08:38:51,399 [WARN] PackLoader:240 - Cannot read IP mode file for STMicroelectronics.X-CUBE-BLE1.7.1.0
2026-05-15 08:38:51,402 [WARN] PackLoader:240 - Cannot read IP mode file for wolfSSL.I-CUBE-wolfMQTT.1.19.2
2026-05-15 08:38:51,404 [WARN] PackLoader:240 - Cannot read IP mode file for STMicroelectronics.X-CUBE-FREERTOS.1.4.0
2026-05-15 08:38:51,407 [WARN] PackLoader:240 - Cannot read IP mode file for STMicroelectronics.X-CUBE-EEPRMA1.5.2.0
2026-05-15 08:38:51,410 [WARN] PackLoader:240 - Cannot read IP mode file for STMicroelectronics.X-CUBE-ST67W61.1.1.0
2026-05-15 08:38:51,414 [WARN] PackLoader:240 - Cannot read IP mode file for STMicroelectronics.FP-SNS-STAIOTCFT.1.1.0
2026-05-15 08:38:51,431 [WARN] PackLoader:240 - Cannot read IP mode file for STMicroelectronics.X-CUBE-MEMS1.12.0.0
2026-05-15 08:38:51,468 [WARN] PackLoader:240 - Cannot read IP mode file for STMicroelectronics.X-CUBE-AZRTOS-G0.1.1.0
2026-05-15 08:38:51,472 [WARN] PackLoader:240 - Cannot read IP mode file for STMicroelectronics.X-CUBE-SAFEA1.1.2.2
2026-05-15 08:38:51,475 [WARN] PackLoader:240 - Cannot read IP mode file for STMicroelectronics.X-CUBE-NFC4.3.0.0
2026-05-15 08:38:51,478 [WARN] PackLoader:240 - Cannot read IP mode file for EmbeddedOffice.I-CUBE-FS-RTOS.1.0.1
2026-05-15 08:38:51,481 [WARN] PackLoader:240 - Cannot read IP mode file for STMicroelectronics.X-CUBE-WB05N.2.0.0
2026-05-15 08:38:51,482 [WARN] PackLoader:240 - Cannot read IP mode file for wolfSSL.I-CUBE-wolfTPM.3.8.0
2026-05-15 08:38:51,485 [WARN] PackLoader:240 - Cannot read IP mode file for STMicroelectronics.X-CUBE-TCPP.4.2.0
2026-05-15 08:38:51,487 [WARN] PackLoader:240 - Cannot read IP mode file for RealThread.X-CUBE-RT-Thread_Nano.4.1.1
2026-05-15 08:38:51,490 [WARN] PackLoader:240 - Cannot read IP mode file for STMicroelectronics.FP-ATR-SIGFOX1.3.2.0
2026-05-15 08:38:51,492 [WARN] PackLoader:240 - Cannot read IP mode file for STMicroelectronics.X-CUBE-FREERTOS.1.5.0
2026-05-15 08:38:51,494 [WARN] PackLoader:240 - Cannot read IP mode file for ITTIA_DB.I-CUBE-ITTIADB.8.9.0
2026-05-15 08:38:51,497 [WARN] PackLoader:240 - Cannot read IP mode file for STMicroelectronics.X-CUBE-NFC6.3.2.0
2026-05-15 08:38:51,499 [WARN] PackLoader:240 - Cannot read IP mode file for STMicroelectronics.X-CUBE-ST67W61.1.0.0
2026-05-15 08:38:51,501 [WARN] PackLoader:240 - Cannot read IP mode file for STMicroelectronics.X-CUBE-AI.10.2.0
2026-05-15 08:38:51,522 [WARN] PackLoader:240 - Cannot read IP mode file for STMicroelectronics.X-CUBE-MEMS1.12.1.0
2026-05-15 08:38:51,559 [WARN] PackLoader:240 - Cannot read IP mode file for SEGGER.I-CUBE-embOS.1.3.1
2026-05-15 08:38:51,572 [WARN] PackLoader:240 - Cannot read IP mode file for STMicroelectronics.X-CUBE-ALGOBUILD.1.4.0
2026-05-15 08:38:51,587 [WARN] PackLoader:240 - Cannot read IP mode file for STMicroelectronics.X-CUBE-MEMS1.11.3.0
2026-05-15 08:38:51,633 [WARN] PackLoader:240 - Cannot read IP mode file for STMicroelectronics.X-CUBE-PM33A1.1.0.0
2026-05-15 08:38:51,640 [WARN] PackLoader:240 - Cannot read IP mode file for STMicroelectronics.X-CUBE-AZRTOS-F4.1.1.0
2026-05-15 08:38:51,643 [WARN] PackLoader:240 - Cannot read IP mode file for Avnet-IotConnect.X-CUBE-IoTC-DA16k-PMOD.1.0.0
2026-05-15 08:38:51,644 [WARN] PackLoader:240 - Cannot read IP mode file for STMicroelectronics.X-CUBE-ISPU.2.1.0
2026-05-15 08:38:51,650 [WARN] PackLoader:240 - Cannot read IP mode file for STMicroelectronics.X-CUBE-IPS.3.2.0
2026-05-15 08:38:51,654 [WARN] PackLoader:240 - Cannot read IP mode file for STMicroelectronics.eDS-WB_DPC_TT-BIDIR.2.1.1
2026-05-15 08:38:51,656 [WARN] PackLoader:240 - Cannot read IP mode file for STMicroelectronics.X-CUBE-NFC12.1.0.0
2026-05-15 08:38:51,662 [WARN] PackLoader:240 - Cannot read IP mode file for STMicroelectronics.X-CUBE-AZRTOS-L5.2.0.0
2026-05-15 08:38:51,665 [WARN] PackLoader:240 - Cannot read IP mode file for STMicroelectronics.X-CUBE-NFC6.3.1.0
2026-05-15 08:38:51,669 [WARN] PackLoader:240 - Cannot read IP mode file for STMicroelectronics.eDS-WB_DPC_VIENNA.1.2.0
2026-05-15 08:38:51,672 [WARN] PackLoader:240 - Cannot read IP mode file for STMicroelectronics.eDS-WB_DPC_3PH2L-BIDIR.1.1.1
2026-05-15 08:38:51,673 [ERROR] Engine:466 - C:\Users\emecc\.stm32cubemx\thirdparties\pdsc\STMicroelectronics.X-CUBE-ST67W61.1.3.0.pdsc: PDSC version is not supported
2026-05-15 08:38:51,676 [WARN] PackLoader:240 - Cannot read IP mode file for STMicroelectronics.X-CUBE-FREERTOS.1.3.1
2026-05-15 08:38:51,678 [WARN] PackLoader:240 - Cannot read IP mode file for STMicroelectronics.X-CUBE-TOUCHGFX.4.26.0
2026-05-15 08:38:51,680 [WARN] PackLoader:240 - Cannot read IP mode file for STMicroelectronics.X-CUBE-TOUCHGFX.4.26.1
2026-05-15 08:38:51,682 [WARN] PackLoader:240 - Cannot read IP mode file for STMicroelectronics.FP-SNS-STAIOTCFT.1.0.0
2026-05-15 08:38:51,685 [WARN] PackLoader:240 - Cannot read IP mode file for STMicroelectronics.X-CUBE-DPower.1.3.0
2026-05-15 08:38:51,689 [WARN] ConditionMgr:438 - getConditionDescription Invalid condition id : LAN8742 Phy interface Condition cause : null
2026-05-15 08:38:51,689 [WARN] PackLoader:240 - Cannot read IP mode file for STMicroelectronics.X-CUBE-AZRTOS-L4.2.0.0
2026-05-15 08:38:51,691 [WARN] ConditionMgr:1044 - genDependencies : Invalid condition id : LAN8742 Phy interface Condition cause : null
2026-05-15 08:38:51,691 [WARN] ConditionMgr:1044 - genDependencies : Invalid condition id : LAN8742 Phy interface Condition cause : null
2026-05-15 08:38:51,691 [WARN] ConditionMgr:1044 - genDependencies : Invalid condition id : LAN8742 Phy interface Condition cause : null
2026-05-15 08:38:51,694 [WARN] PackLoader:240 - Cannot read IP mode file for STMicroelectronics.X-CUBE-SFXS2LP1.4.0.0
2026-05-15 08:38:51,696 [WARN] PackLoader:240 - Cannot read IP mode file for STMicroelectronics.X-CUBE-WB05N.2.1.0
2026-05-15 08:38:51,698 [WARN] PackLoader:240 - Cannot read IP mode file for STMicroelectronics.X-CUBE-ST67W61.1.2.0
2026-05-15 08:38:51,703 [WARN] PackLoader:240 - Cannot read IP mode file for STMicroelectronics.X-CUBE-BLEMGR.4.1.0
2026-05-15 08:38:51,708 [WARN] ConditionMgr:438 - getConditionDescription Invalid condition id : UX DEVICE CLASS RTOS Condition cause : null
2026-05-15 08:38:51,708 [WARN] ConditionMgr:438 - getConditionDescription Invalid condition id : UX DEVICE CLASS RTOS Condition cause : null
2026-05-15 08:38:51,709 [WARN] PackLoader:240 - Cannot read IP mode file for STMicroelectronics.X-CUBE-AZRTOS-WB.2.0.0
2026-05-15 08:38:51,709 [WARN] ConditionMgr:1044 - genDependencies : Invalid condition id : UX DEVICE CLASS RTOS Condition cause : null
2026-05-15 08:38:51,709 [WARN] ConditionMgr:1044 - genDependencies : Invalid condition id : UX DEVICE CLASS RTOS Condition cause : null
2026-05-15 08:38:51,709 [WARN] ConditionMgr:1044 - genDependencies : Invalid condition id : UX DEVICE CLASS RTOS Condition cause : null
2026-05-15 08:38:51,709 [WARN] ConditionMgr:1044 - genDependencies : Invalid condition id : UX DEVICE CLASS RTOS Condition cause : null
2026-05-15 08:38:51,709 [WARN] ConditionMgr:1044 - genDependencies : Invalid condition id : UX DEVICE CLASS RTOS Condition cause : null
2026-05-15 08:38:51,712 [WARN] PackLoader:240 - Cannot read IP mode file for STMicroelectronics.X-CUBE-GNSS1.7.0.1
2026-05-15 08:38:51,713 [WARN] PackLoader:240 - Cannot read IP mode file for STMicroelectronics.X-CUBE-TOUCHGFX.4.25.0
2026-05-15 08:38:51,716 [WARN] ConditionMgr:438 - getConditionDescription Invalid condition id : Cortex-A Device cause : null
2026-05-15 08:38:51,719 [WARN] ConditionMgr:1044 - genDependencies : Invalid condition id : Cortex-A Device cause : null
2026-05-15 08:38:51,719 [WARN] ConditionMgr:1044 - genDependencies : Invalid condition id : Cortex-A Device cause : null
2026-05-15 08:38:51,719 [WARN] ConditionMgr:1044 - genDependencies : Invalid condition id : Cortex-A Device cause : null
2026-05-15 08:38:51,722 [WARN] PackLoader:240 - Cannot read IP mode file for STMicroelectronics.X-CUBE-STSE01.2.0.0
2026-05-15 08:38:51,725 [WARN] PackLoader:240 - Cannot read IP mode file for STMicroelectronics.X-CUBE-SUBG2.5.0.0
2026-05-15 08:38:51,739 [WARN] PackLoader:240 - Cannot read IP mode file for STMicroelectronics.X-CUBE-AZRTOS-H7RS.1.1.0
2026-05-15 08:38:51,747 [WARN] PackLoader:240 - Cannot read IP mode file for STMicroelectronics.X-CUBE-AZRTOS-G4.2.0.0
2026-05-15 08:38:51,750 [WARN] PackLoader:240 - Cannot read IP mode file for wolfSSL.I-CUBE-wolfSSH.1.4.20
2026-05-15 08:38:51,753 [WARN] PackLoader:240 - Cannot read IP mode file for STMicroelectronics.X-CUBE-NFC7.2.0.0
2026-05-15 08:38:51,758 [WARN] PackLoader:240 - Cannot read IP mode file for STMicroelectronics.X-CUBE-IPS.3.1.0
2026-05-15 08:38:51,762 [WARN] PackLoader:240 - Cannot read IP mode file for STMicroelectronics.X-CUBE-ALS.1.0.2
2026-05-15 08:38:51,765 [WARN] PackLoader:240 - Cannot read IP mode file for STMicroelectronics.X-CUBE-STSE01.1.0.0
2026-05-15 08:38:51,770 [WARN] PackLoader:240 - Cannot read IP mode file for STMicroelectronics.X-CUBE-TOF1.3.4.3
2026-05-15 08:38:51,775 [INFO] ThirdParty:978 - Integrity check success = true
2026-05-15 08:38:51,775 [INFO] IntegrityCheckThread:100 - exiting critical section [integrity check]
2026-05-15 08:38:51,775 [INFO] IntegrityCheckThread:103 - End integrity checks thread
2026-05-15 08:39:11,930 [INFO] WebApp:194 - Connection lost
2026-05-15 08:39:12,028 [INFO] WebApp:191 - Connection restablished
